I[2023-04-13|10:10:58.529] Version info                                 module=main software=v0.34.0 block=11 p2p=8
I[2023-04-13|10:10:58.581] Starting Node service                        module=main impl=Node
I[2023-04-13|10:10:58.587] Starting StateSync service                   module=statesync impl=StateSync
I[2023-04-13|10:10:58.654] Started node                                 module=main nodeInfo="{ProtocolVersion:{P2P:8 Block:11 App:0} DefaultNodeID:7e80d23025b485d2d00306dc77e466de414339c8 ListenAddr:tcp://0.0.0.0:26656 Network:chain-H5iqVd Version:v0.34.0 Channels:40202122233038606100 Moniker:8C5F9DCCCCB737A9 Other:{TxIndex:on RPCAddress:tcp://0.0.0.0:26657}}"
I[2023-04-13|10:11:00.134] Executed block                               module=state height=50 validTxs=0 invalidTxs=0
I[2023-04-13|10:11:00.136] Committed state                              module=state height=50 txs=0 appHash=
I[2023-04-13|10:11:01.603] Executed block                               module=state height=51 validTxs=0 invalidTxs=0
I[2023-04-13|10:11:01.604] Committed state                              module=state height=51 txs=0 appHash=
I[2023-04-13|10:11:02.911] Executed block                               module=state height=52 validTxs=0 invalidTxs=0
I[2023-04-13|10:11:02.913] Committed state                              module=state height=52 txs=0 appHash=
I[2023-04-13|10:11:04.366] Executed block                               module=state height=53 validTxs=0 invalidTxs=0
I[2023-04-13|10:11:04.367] Committed state                              module=state height=53 txs=0 appHash=
I[2023-04-13|10:11:05.628] Executed block                               module=state height=54 validTxs=0 invalidTxs=0
I[2023-04-13|10:11:05.629] Committed state                              module=state height=54 txs=0 appHash=
I[2023-04-13|10:11:06.954] Executed block                               module=state height=55 validTxs=0 invalidTxs=0
I[2023-04-13|10:11:06.955] Committed state                              module=state height=55 txs=0 appHash=
I[2023-04-13|10:11:08.508] Executed block                               module=state height=56 validTxs=0 invalidTxs=0
I[2023-04-13|10:11:08.510] Committed state                              module=state height=56 txs=0 appHash=
I[2023-04-13|10:11:09.944] Executed block                               module=state height=57 validTxs=0 invalidTxs=0
I[2023-04-13|10:11:09.946] Committed state                              module=state height=57 txs=0 appHash=
I[2023-04-13|10:11:11.316] Executed block                               module=state height=58 validTxs=0 invalidTxs=0
I[2023-04-13|10:11:11.319] Committed state                              module=state height=58 txs=0 appHash=
I[2023-04-13|10:11:12.770] Executed block                               module=state height=59 validTxs=0 invalidTxs=0
I[2023-04-13|10:11:12.771] Committed state                              module=state height=59 txs=0 appHash=
I[2023-04-13|10:11:14.098] Executed block                               module=state height=60 validTxs=0 invalidTxs=0
I[2023-04-13|10:11:14.099] Committed state                              module=state height=60 txs=0 appHash=
I[2023-04-13|10:11:15.448] Executed block                               module=state height=61 validTxs=0 invalidTxs=0
I[2023-04-13|10:11:15.450] Committed state                              module=state height=61 txs=0 appHash=
I[2023-04-13|10:11:16.903] Executed block                               module=state height=62 validTxs=0 invalidTxs=0
I[2023-04-13|10:11:16.904] Committed state                              module=state height=62 txs=0 appHash=
I[2023-04-13|10:11:18.362] Executed block                               module=state height=63 validTxs=0 invalidTxs=0
I[2023-04-13|10:11:18.363] Committed state                              module=state height=63 txs=0 appHash=
I[2023-04-13|10:11:19.776] Executed block                               module=state height=64 validTxs=0 invalidTxs=0
I[2023-04-13|10:11:19.777] Committed state                              module=state height=64 txs=0 appHash=
I[2023-04-13|10:11:21.183] Executed block                               module=state height=65 validTxs=0 invalidTxs=0
I[2023-04-13|10:11:21.185] Committed state                              module=state height=65 txs=0 appHash=
I[2023-04-13|10:11:22.557] Executed block                               module=state height=66 validTxs=0 invalidTxs=0
I[2023-04-13|10:11:22.559] Committed state                              module=state height=66 txs=0 appHash=
I[2023-04-13|10:11:23.897] Executed block                               module=state height=67 validTxs=0 invalidTxs=0
I[2023-04-13|10:11:23.898] Committed state                              module=state height=67 txs=0 appHash=
I[2023-04-13|10:11:25.477] Executed block                               module=state height=68 validTxs=0 invalidTxs=0
I[2023-04-13|10:11:25.479] Committed state                              module=state height=68 txs=0 appHash=
I[2023-04-13|10:11:26.833] Executed block                               module=state height=69 validTxs=0 invalidTxs=0
I[2023-04-13|10:11:26.835] Committed state                              module=state height=69 txs=0 appHash=
I[2023-04-13|10:11:28.295] Executed block                               module=state height=70 validTxs=0 invalidTxs=0
I[2023-04-13|10:11:28.296] Committed state                              module=state height=70 txs=0 appHash=
E[2023-04-13|10:11:28.667] dialing failed (attempts: 1): self ID<7e80d23025b485d2d00306dc77e466de414339c8> module=pex addr=7e80d23025b485d2d00306dc77e466de414339c8@192.167.10.2:26656
I[2023-04-13|10:11:29.759] Executed block                               module=state height=71 validTxs=0 invalidTxs=0
I[2023-04-13|10:11:29.763] Committed state                              module=state height=71 txs=0 appHash=
I[2023-04-13|10:11:31.127] Executed block                               module=state height=72 validTxs=0 invalidTxs=0
I[2023-04-13|10:11:31.129] Committed state                              module=state height=72 txs=0 appHash=
I[2023-04-13|10:11:32.688] Executed block                               module=state height=73 validTxs=0 invalidTxs=0
I[2023-04-13|10:11:32.693] Committed state                              module=state height=73 txs=0 appHash=
I[2023-04-13|10:11:34.106] Executed block                               module=state height=74 validTxs=0 invalidTxs=0
I[2023-04-13|10:11:34.107] Committed state                              module=state height=74 txs=0 appHash=
I[2023-04-13|10:11:35.472] Executed block                               module=state height=75 validTxs=0 invalidTxs=0
I[2023-04-13|10:11:35.473] Committed state                              module=state height=75 txs=0 appHash=
I[2023-04-13|10:11:37.035] Executed block                               module=state height=76 validTxs=0 invalidTxs=0
I[2023-04-13|10:11:37.036] Committed state                              module=state height=76 txs=0 appHash=
I[2023-04-13|10:11:38.676] Executed block                               module=state height=77 validTxs=0 invalidTxs=0
I[2023-04-13|10:11:38.677] Committed state                              module=state height=77 txs=0 appHash=
